2025-10-29T13:04:18.230+05:30  INFO 8924 --- [extrail_expense_tracker] [restartedMain] c.e.e.ExtrailExpenseTrackerApplication   : Starting ExtrailExpenseTrackerApplication using Java 21.0.7 with PID 8924 (D:\Projects\ExTrail_Expense_Tracker\extrail_expense_tracker_backend\target\classes started by DELL in D:\Projects\ExTrail_Expense_Tracker)
2025-10-29T13:04:18.247+05:30  INFO 8924 --- [extrail_expense_tracker] [restartedMain] c.e.e.ExtrailExpenseTrackerApplication   : No active profile set, falling back to 1 default profile: "default"
2025-10-29T13:04:18.346+05:30  INFO 8924 --- [extrail_expense_tracker] [restartedMain] .e.DevToolsPropertyDefaultsPostProcessor : Devtools property defaults active! Set 'spring.devtools.add-properties' to 'false' to disable
2025-10-29T13:04:18.348+05:30  INFO 8924 --- [extrail_expense_tracker] [restartedMain] .e.DevToolsPropertyDefaultsPostProcessor : For additional web related logging consider setting the 'logging.level.web' property to 'DEBUG'
2025-10-29T13:04:20.118+05:30  INFO 8924 --- [extrail_expense_tracker] [restartedMain] .s.d.r.c.RepositoryConfigurationDelegate : Bootstrapping Spring Data JPA repositories in DEFAULT mode.
2025-10-29T13:04:20.303+05:30  INFO 8924 --- [extrail_expense_tracker] [restartedMain] .s.d.r.c.RepositoryConfigurationDelegate : Finished Spring Data repository scanning in 149 ms. Found 6 JPA repository interfaces.
2025-10-29T13:04:21.632+05:30  INFO 8924 --- [extrail_expense_tracker] [restartedMain] o.s.b.w.embedded.tomcat.TomcatWebServer  : Tomcat initialized with port 8080 (http)
2025-10-29T13:04:21.700+05:30  INFO 8924 --- [extrail_expense_tracker] [restartedMain] o.apache.catalina.core.StandardService   : Starting service [Tomcat]
2025-10-29T13:04:21.702+05:30  INFO 8924 --- [extrail_expense_tracker] [restartedMain] o.apache.catalina.core.StandardEngine    : Starting Servlet engine: [Apache Tomcat/10.1.48]
2025-10-29T13:04:21.815+05:30  INFO 8924 --- [extrail_expense_tracker] [restartedMain] o.a.c.c.C.[Tomcat].[localhost].[/]       : Initializing Spring embedded WebApplicationContext
2025-10-29T13:04:21.816+05:30  INFO 8924 --- [extrail_expense_tracker] [restartedMain] w.s.c.ServletWebServerApplicationContext : Root WebApplicationContext: initialization completed in 3467 ms
2025-10-29T13:04:22.476+05:30  INFO 8924 --- [extrail_expense_tracker] [restartedMain] o.hibernate.jpa.internal.util.LogHelper  : HHH000204: Processing PersistenceUnitInfo [name: default]
2025-10-29T13:04:22.585+05:30  INFO 8924 --- [extrail_expense_tracker] [restartedMain] org.hibernate.Version                    : HHH000412: Hibernate ORM core version 6.6.33.Final
2025-10-29T13:04:22.638+05:30  INFO 8924 --- [extrail_expense_tracker] [restartedMain] o.h.c.internal.RegionFactoryInitiator    : HHH000026: Second-level cache disabled
2025-10-29T13:04:23.224+05:30  INFO 8924 --- [extrail_expense_tracker] [restartedMain] o.s.o.j.p.SpringPersistenceUnitInfo      : No LoadTimeWeaver setup: ignoring JPA class transformer
2025-10-29T13:04:23.264+05:30  INFO 8924 --- [extrail_expense_tracker] [restartedMain] com.zaxxer.hikari.HikariDataSource       : HikariPool-1 - Starting...
2025-10-29T13:04:23.584+05:30  INFO 8924 --- [extrail_expense_tracker] [restartedMain] com.zaxxer.hikari.pool.HikariPool        : HikariPool-1 - Added connection com.mysql.cj.jdbc.ConnectionImpl@375f00e
2025-10-29T13:04:23.589+05:30  INFO 8924 --- [extrail_expense_tracker] [restartedMain] com.zaxxer.hikari.HikariDataSource       : HikariPool-1 - Start completed.
2025-10-29T13:04:23.703+05:30  WARN 8924 --- [extrail_expense_tracker] [restartedMain] org.hibernate.orm.deprecation            : HHH90000025: MySQL8Dialect does not need to be specified explicitly using 'hibernate.dialect' (remove the property setting and it will be selected by default)
2025-10-29T13:04:23.706+05:30  WARN 8924 --- [extrail_expense_tracker] [restartedMain] org.hibernate.orm.deprecation            : HHH90000026: MySQL8Dialect has been deprecated; use org.hibernate.dialect.MySQLDialect instead
2025-10-29T13:04:23.735+05:30  INFO 8924 --- [extrail_expense_tracker] [restartedMain] org.hibernate.orm.connections.pooling    : HHH10001005: Database info:
	Database JDBC URL [Connecting through datasource 'HikariDataSource (HikariPool-1)']
	Database driver: undefined/unknown
	Database version: 8.0
	Autocommit mode: undefined/unknown
	Isolation level: undefined/unknown
	Minimum pool size: undefined/unknown
	Maximum pool size: undefined/unknown
2025-10-29T13:04:25.192+05:30  INFO 8924 --- [extrail_expense_tracker] [restartedMain] o.h.e.t.j.p.i.JtaPlatformInitiator       : HHH000489: No JTA platform available (set 'hibernate.transaction.jta.platform' to enable JTA platform integration)
2025-10-29T13:04:25.716+05:30  INFO 8924 --- [extrail_expense_tracker] [restartedMain] j.LocalContainerEntityManagerFactoryBean : Initialized JPA EntityManagerFactory for persistence unit 'default'
2025-10-29T13:04:26.215+05:30  INFO 8924 --- [extrail_expense_tracker] [restartedMain] o.s.d.j.r.query.QueryEnhancerFactory     : Hibernate is in classpath; If applicable, HQL parser will be used.
2025-10-29T13:04:28.221+05:30  WARN 8924 --- [extrail_expense_tracker] [restartedMain] JpaBaseConfiguration$JpaWebConfiguration : spring.jpa.open-in-view is enabled by default. Therefore, database queries may be performed during view rendering. Explicitly configure spring.jpa.open-in-view to disable this warning
2025-10-29T13:04:28.966+05:30  WARN 8924 --- [extrail_expense_tracker] [restartedMain] r$InitializeUserDetailsManagerConfigurer : Found 2 UserDetailsService beans, with names [userDetailsServiceImpl, userDetailsService]. Global Authentication Manager will not use a UserDetailsService for username/password login. Consider publishing a single UserDetailsService bean.
2025-10-29T13:04:30.582+05:30  INFO 8924 --- [extrail_expense_tracker] [restartedMain] o.s.b.d.a.OptionalLiveReloadServer       : LiveReload server is running on port 35729
2025-10-29T13:04:30.642+05:30  INFO 8924 --- [extrail_expense_tracker] [restartedMain] o.s.b.w.embedded.tomcat.TomcatWebServer  : Tomcat started on port 8080 (http) with context path '/'
2025-10-29T13:04:30.655+05:30  INFO 8924 --- [extrail_expense_tracker] [restartedMain] c.e.e.ExtrailExpenseTrackerApplication   : Started ExtrailExpenseTrackerApplication in 13.37 seconds (process running for 14.202)
2025-10-29T13:04:40.930+05:30  INFO 8924 --- [extrail_expense_tracker] [http-nio-8080-exec-2] o.a.c.c.C.[Tomcat].[localhost].[/]       : Initializing Spring DispatcherServlet 'dispatcherServlet'
2025-10-29T13:04:40.931+05:30  INFO 8924 --- [extrail_expense_tracker] [http-nio-8080-exec-2] o.s.web.servlet.DispatcherServlet        : Initializing Servlet 'dispatcherServlet'
2025-10-29T13:04:40.932+05:30  INFO 8924 --- [extrail_expense_tracker] [http-nio-8080-exec-2] o.s.web.servlet.DispatcherServlet        : Completed initialization in 1 ms
2025-10-29T13:04:41.391+05:30  INFO 8924 --- [extrail_expense_tracker] [http-nio-8080-exec-1] c.e.e.controller.UserController          : Entered getAllUsers() in controller...
2025-10-29T13:04:41.391+05:30  INFO 8924 --- [extrail_expense_tracker] [http-nio-8080-exec-2] c.e.e.controller.CategoriesController    : Entered getAllCategories() in controller...
2025-10-29T13:04:52.210+05:30  INFO 8924 --- [extrail_expense_tracker] [http-nio-8080-exec-4] c.e.e.controller.CategoriesController    : Entered updateCategory() in controller...
2025-10-29T13:04:52.416+05:30  INFO 8924 --- [extrail_expense_tracker] [http-nio-8080-exec-5] c.e.e.controller.CategoriesController    : Entered getAllCategories() in controller...
2025-10-29T13:04:52.416+05:30  INFO 8924 --- [extrail_expense_tracker] [http-nio-8080-exec-6] c.e.e.controller.UserController          : Entered getAllUsers() in controller...
2025-10-29T13:15:40.541+05:30  WARN 8924 --- [extrail_expense_tracker] [HikariPool-1:housekeeper] com.zaxxer.hikari.pool.HikariPool        : HikariPool-1 - Thread starvation or clock leap detected (housekeeper delta=1m46s675ms700µs200ns).
2025-10-29T13:15:42.381+05:30  INFO 8924 --- [extrail_expense_tracker] [http-nio-8080-exec-8] c.e.e.controller.UserController          : Entered getAllUsers() in controller...
2025-10-29T13:15:42.381+05:30  INFO 8924 --- [extrail_expense_tracker] [http-nio-8080-exec-10] c.e.e.controller.CategoriesController    : Entered getAllCategories() in controller...
2025-10-29T13:22:52.797+05:30  INFO 8924 --- [extrail_expense_tracker] [http-nio-8080-exec-3] c.e.e.controller.CategoriesController    : Entered getAllCategories() in controller...
2025-10-29T13:22:52.801+05:30  INFO 8924 --- [extrail_expense_tracker] [http-nio-8080-exec-4] c.e.e.controller.UserController          : Entered getAllUsers() in controller...
2025-10-29T13:22:59.057+05:30  WARN 8924 --- [extrail_expense_tracker] [HikariPool-1:housekeeper] com.zaxxer.hikari.pool.HikariPool        : HikariPool-1 - Thread starvation or clock leap detected (housekeeper delta=1m18s401ms877µs800ns).
2025-10-29T13:23:14.434+05:30  INFO 8924 --- [extrail_expense_tracker] [http-nio-8080-exec-5] c.e.e.controller.UserController          : Entered getAllUsers() in controller...
2025-10-29T13:23:14.434+05:30  INFO 8924 --- [extrail_expense_tracker] [http-nio-8080-exec-6] c.e.e.controller.CategoriesController    : Entered getAllCategories() in controller...
2025-10-29T13:23:43.168+05:30  INFO 8924 --- [extrail_expense_tracker] [http-nio-8080-exec-9] c.e.e.controller.UserController          : Entered getAllUsers() in controller...
2025-10-29T13:23:43.168+05:30  INFO 8924 --- [extrail_expense_tracker] [http-nio-8080-exec-7] c.e.e.controller.CategoriesController    : Entered getAllCategories() in controller...
2025-10-29T13:23:59.173+05:30  INFO 8924 --- [extrail_expense_tracker] [http-nio-8080-exec-8] c.e.e.controller.UserController          : Entered getAllUsers() in controller...
2025-10-29T13:23:59.860+05:30  INFO 8924 --- [extrail_expense_tracker] [http-nio-8080-exec-10] c.e.e.controller.CategoriesController    : Entered getAllCategories() in controller...
2025-10-29T13:23:59.877+05:30  INFO 8924 --- [extrail_expense_tracker] [http-nio-8080-exec-1] c.e.e.controller.UserController          : Entered getAllUsers() in controller...
2025-10-29T13:24:13.977+05:30  INFO 8924 --- [extrail_expense_tracker] [http-nio-8080-exec-4] c.e.e.controller.UserController          : Entered getAllUsers() in controller...
2025-10-29T13:24:13.977+05:30  INFO 8924 --- [extrail_expense_tracker] [http-nio-8080-exec-2] c.e.e.controller.CategoriesController    : Entered getAllCategories() in controller...
2025-10-29T13:25:07.988+05:30  INFO 8924 --- [extrail_expense_tracker] [http-nio-8080-exec-3] c.e.e.controller.CategoriesController    : Entered getAllCategories() in controller...
2025-10-29T13:25:07.988+05:30  INFO 8924 --- [extrail_expense_tracker] [http-nio-8080-exec-6] c.e.e.controller.UserController          : Entered getAllUsers() in controller...
2025-10-29T13:26:20.010+05:30  INFO 8924 --- [extrail_expense_tracker] [http-nio-8080-exec-9] c.e.e.controller.CategoriesController    : Entered getAllCategories() in controller...
2025-10-29T13:26:20.043+05:30  INFO 8924 --- [extrail_expense_tracker] [http-nio-8080-exec-8] c.e.e.controller.UserController          : Entered getAllUsers() in controller...
2025-10-29T13:27:45.898+05:30  INFO 8924 --- [extrail_expense_tracker] [http-nio-8080-exec-7] c.e.e.controller.UserController          : Entered getAllUsers() in controller...
2025-10-29T13:27:45.911+05:30  INFO 8924 --- [extrail_expense_tracker] [http-nio-8080-exec-9] c.e.e.controller.TransactionsController  : Entered getAllTransactions() in controller...
2025-10-29T13:27:45.916+05:30  INFO 8924 --- [extrail_expense_tracker] [http-nio-8080-exec-10] c.e.e.controller.BudgetsController       : Entered getAllBudgets() in controller...
2025-10-29T13:27:45.926+05:30  INFO 8924 --- [extrail_expense_tracker] [http-nio-8080-exec-8] c.e.e.controller.CategoriesController    : Entered getAllCategories() in controller...
2025-10-29T13:27:47.901+05:30  INFO 8924 --- [extrail_expense_tracker] [http-nio-8080-exec-1] c.e.e.controller.CategoriesController    : Entered getAllCategories() in controller...
2025-10-29T13:27:47.901+05:30  INFO 8924 --- [extrail_expense_tracker] [http-nio-8080-exec-2] c.e.e.controller.UserController          : Entered getAllUsers() in controller...
2025-10-29T13:27:58.068+05:30  INFO 8924 --- [extrail_expense_tracker] [http-nio-8080-exec-4] c.e.e.controller.CategoriesController    : Entered updateCategory() in controller...
2025-10-29T13:27:58.167+05:30  INFO 8924 --- [extrail_expense_tracker] [http-nio-8080-exec-3] c.e.e.controller.UserController          : Entered getAllUsers() in controller...
2025-10-29T13:27:58.168+05:30  INFO 8924 --- [extrail_expense_tracker] [http-nio-8080-exec-6] c.e.e.controller.CategoriesController    : Entered getAllCategories() in controller...
2025-10-29T13:28:15.677+05:30  INFO 8924 --- [extrail_expense_tracker] [http-nio-8080-exec-5] c.e.e.controller.CategoriesController    : Entered updateCategory() in controller...
2025-10-29T13:28:15.725+05:30  INFO 8924 --- [extrail_expense_tracker] [http-nio-8080-exec-7] c.e.e.controller.CategoriesController    : Entered getAllCategories() in controller...
2025-10-29T13:28:15.729+05:30  INFO 8924 --- [extrail_expense_tracker] [http-nio-8080-exec-8] c.e.e.controller.UserController          : Entered getAllUsers() in controller...
2025-10-29T13:28:21.901+05:30  INFO 8924 --- [extrail_expense_tracker] [http-nio-8080-exec-10] c.e.e.controller.CategoriesController    : Entered updateCategory() in controller...
2025-10-29T13:28:21.965+05:30  INFO 8924 --- [extrail_expense_tracker] [http-nio-8080-exec-1] c.e.e.controller.UserController          : Entered getAllUsers() in controller...
2025-10-29T13:28:21.970+05:30  INFO 8924 --- [extrail_expense_tracker] [http-nio-8080-exec-9] c.e.e.controller.CategoriesController    : Entered getAllCategories() in controller...
2025-10-29T13:28:43.826+05:30  INFO 8924 --- [extrail_expense_tracker] [http-nio-8080-exec-2] c.e.e.controller.CategoriesController    : Entered getAllCategories() in controller...
2025-10-29T13:28:43.826+05:30  INFO 8924 --- [extrail_expense_tracker] [http-nio-8080-exec-4] c.e.e.controller.UserController          : Entered getAllUsers() in controller...
2025-10-29T13:28:53.769+05:30  INFO 8924 --- [extrail_expense_tracker] [http-nio-8080-exec-5] c.e.e.controller.CategoriesController    : Entered getAllCategories() in controller...
2025-10-29T13:28:53.771+05:30  INFO 8924 --- [extrail_expense_tracker] [http-nio-8080-exec-7] c.e.e.controller.UserController          : Entered getAllUsers() in controller...
2025-10-29T13:29:00.707+05:30  INFO 8924 --- [extrail_expense_tracker] [http-nio-8080-exec-10] c.e.e.controller.CategoriesController    : Entered updateCategory() in controller...
2025-10-29T13:29:00.762+05:30  INFO 8924 --- [extrail_expense_tracker] [http-nio-8080-exec-1] c.e.e.controller.UserController          : Entered getAllUsers() in controller...
2025-10-29T13:29:00.763+05:30  INFO 8924 --- [extrail_expense_tracker] [http-nio-8080-exec-9] c.e.e.controller.CategoriesController    : Entered getAllCategories() in controller...
2025-10-29T13:29:09.313+05:30  INFO 8924 --- [extrail_expense_tracker] [http-nio-8080-exec-2] c.e.e.controller.CategoriesController    : Entered updateCategory() in controller...
2025-10-29T13:29:09.376+05:30  INFO 8924 --- [extrail_expense_tracker] [http-nio-8080-exec-4] c.e.e.controller.CategoriesController    : Entered getAllCategories() in controller...
2025-10-29T13:29:09.376+05:30  INFO 8924 --- [extrail_expense_tracker] [http-nio-8080-exec-6] c.e.e.controller.UserController          : Entered getAllUsers() in controller...
2025-10-29T13:29:24.363+05:30  INFO 8924 --- [extrail_expense_tracker] [http-nio-8080-exec-5] c.e.e.controller.AccountsController      : Entered getAccountsByUser()...
2025-10-29T13:29:24.366+05:30  INFO 8924 --- [extrail_expense_tracker] [http-nio-8080-exec-8] c.e.e.controller.CategoriesController    : Entered listForUser() in controller...
2025-10-29T13:29:24.368+05:30  INFO 8924 --- [extrail_expense_tracker] [http-nio-8080-exec-7] c.e.e.controller.TransactionsController  : Entered getTransactionsByUser() in controller...
2025-10-29T13:29:26.766+05:30  INFO 8924 --- [extrail_expense_tracker] [http-nio-8080-exec-1] c.e.e.controller.CategoriesController    : Entered listForUser() in controller...
2025-10-29T13:29:26.766+05:30  INFO 8924 --- [extrail_expense_tracker] [http-nio-8080-exec-10] c.e.e.controller.TransactionsController  : Entered getTransactionsByUser() in controller...
2025-10-29T13:29:26.769+05:30  INFO 8924 --- [extrail_expense_tracker] [http-nio-8080-exec-2] c.e.e.controller.CategoriesController    : Entered listForUser() in controller...
2025-10-29T13:29:26.769+05:30  INFO 8924 --- [extrail_expense_tracker] [http-nio-8080-exec-9] c.e.e.controller.AccountsController      : Entered getAccountsByUser()...
2025-10-29T13:29:27.532+05:30  INFO 8924 --- [extrail_expense_tracker] [http-nio-8080-exec-4] c.e.e.controller.AccountsController      : Entered getAccountsByUser()...
2025-10-29T13:29:28.759+05:30  INFO 8924 --- [extrail_expense_tracker] [http-nio-8080-exec-6] c.e.e.controller.TransactionsController  : Entered getTransactionsByUser() in controller...
2025-10-29T13:29:28.782+05:30  INFO 8924 --- [extrail_expense_tracker] [http-nio-8080-exec-3] c.e.e.controller.AccountsController      : Entered getAccountsByUser()...
2025-10-29T13:29:28.797+05:30  INFO 8924 --- [extrail_expense_tracker] [http-nio-8080-exec-8] c.e.e.controller.CategoriesController    : Entered listForUser() in controller...
2025-10-29T13:29:28.800+05:30  INFO 8924 --- [extrail_expense_tracker] [http-nio-8080-exec-5] c.e.e.controller.CategoriesController    : Entered listForUser() in controller...
2025-10-29T13:29:40.965+05:30  INFO 8924 --- [extrail_expense_tracker] [http-nio-8080-exec-7] c.e.e.controller.CategoriesController    : Entered getAllCategories() in controller...
